Closing /home/moritz/people/valerie/Oilsands/samples/Sample_01/clean/clean_unp_1_ATCACG_L001_R1_001.fastq
3365419 reads of which  0.240075901396% dirties
Closing /home/moritz/people/valerie/Oilsands/samples/Sample_08/clean/clean_unp_8_ACTTGA_L001_R1_001.fastq
Closing /home/moritz/people/valerie/Oilsands/samples/Sample_05/clean/clean_unp_5_ACAGTG_L001_R1_001.fastq
Closing /home/moritz/people/valerie/Oilsands/samples/Sample_09/clean/clean_unp_9_GATCAG_L001_R1_001.fastq
Closing /home/moritz/people/valerie/Oilsands/samples/Sample_07/clean/clean_unp_7_CAGATC_L001_R1_001.fastq
Closing /home/moritz/people/valerie/Oilsands/samples/Sample_10/clean/clean_unp_10_TAGCTT_L001_R1_001.fastq
Closing /home/moritz/people/valerie/Oilsands/samples/Sample_04/clean/clean_unp_4_TGACCA_L001_R1_001.fastq
Closing /home/moritz/people/valerie/Oilsands/samples/Sample_03/clean/clean_unp_3_TTAGGC_L001_R1_001.fastq
Closing /home/moritz/people/valerie/Oilsands/samples/Sample_06/clean/clean_unp_6_GCCAAT_L001_R1_001.fastq
6738498 reads of which  0.202643526792% dirties
Closing /home/moritz/people/valerie/Oilsands/samples/Sample_02/clean/clean_unp_2_CGATGT_L001_R1_001.fastq
10123285 reads of which  0.150215764942% dirties
Closing /home/moritz/people/valerie/Oilsands/samples/SRR634695/clean/clean_unp_SRR634695.fastq
13634480 reads of which  0.123841760008% dirties
Closing /home/moritz/people/valerie/Oilsands/samples/SRR634694/clean/clean_unp_SRR634694.fastq
17383972 reads of which  0.109532217378% dirties
21198303 reads of which  0.101233999722% dirties
25007340 reads of which  0.0954377394797% dirties
28804117 reads of which  0.090908289256% dirties
32604578 reads of which  0.0873142722473% dirties
36404343 reads of which  0.0845955934433% dirties
40204543 reads of which  0.0825083871741% dirties
44001362 reads of which  0.0810852400433% dirties
47808246 reads of which  0.079985908707% dirties
51613477 reads of which  0.0789112502535% dirties
55424249 reads of which  0.0784991060501% dirties
59220359 reads of which  0.0773977915264% dirties
63009813 reads of which  0.0758905600942% dirties
66799824 reads of which  0.0743808247159% dirties
70595256 reads of which  0.0732148913802% dirties
74391473 reads of which  0.0719022864354% dirties
78184608 reads of which  0.0707046455998% dirties
81992254 reads of which  0.0699104820316% dirties
85799287 reads of which  0.0693667535955% dirties
89604240 reads of which  0.0692198717382% dirties
93404186 reads of which  0.0688326859355% dirties
97198804 reads of which  0.0683906151767% dirties
100991535 reads of which  0.0680345139818% dirties
104785718 reads of which  0.0676233568395% dirties
108577182 reads of which  0.0672796426048% dirties
112378388 reads of which  0.0671779079088% dirties
116171486 reads of which  0.066935762533% dirties
119968907 reads of which  0.066657904952% dirties
123760693 reads of which  0.0662692879394% dirties
127557147 reads of which  0.0657883481825% dirties
131344505 reads of which  0.0650882425572% dirties
135122662 reads of which  0.064382109346% dirties
138903389 reads of which  0.0638960076057% dirties
142683911 reads of which  0.0633364262072% dirties
146458781 reads of which  0.0629365951093% dirties
150241135 reads of which  0.0628206848943% dirties
154029668 reads of which  0.062726474227% dirties
157809160 reads of which  0.0625634912447% dirties
161589772 reads of which  0.0625000448667% dirties
Closing /home/moritz/people/valerie/Oilsands/samples/Sample_01/clean/clean_rev_1_ATCACG_L001_R2_001.fastq
Closing /home/moritz/people/valerie/Oilsands/samples/Sample_01/clean/clean_fwd_1_ATCACG_L001_R1_001.fastq
165374550 reads of which  0.0624401215302% dirties
169148836 reads of which  0.0622809961282% dirties
172927430 reads of which  0.0623443660731% dirties
176707016 reads of which  0.0623829729545% dirties
180476169 reads of which  0.0622704596528% dirties
184249734 reads of which  0.0621513407449% dirties
188015527 reads of which  0.0619126844774% dirties
191781797 reads of which  0.0616219796918% dirties
195543076 reads of which  0.0613463245306% dirties
199305853 reads of which  0.0611495840014% dirties
203065303 reads of which  0.0609808707694% dirties
206819609 reads of which  0.0608261376222% dirties
210572856 reads of which  0.0607801938157% dirties
214337764 reads of which  0.0608265886361% dirties
218102624 reads of which  0.0608224640158% dirties
221860750 reads of which  0.0608355916943% dirties
225623709 reads of which  0.0608116942178% dirties
229397741 reads of which  0.060807032969% dirties
233174533 reads of which  0.060961035569% dirties
236957314 reads of which  0.0611733765686% dirties
240727608 reads of which  0.0612387715829% dirties
244492081 reads of which  0.0611149405694% dirties
248256120 reads of which  0.0610147536343% dirties
252025607 reads of which  0.0609063110004% dirties
255791153 reads of which  0.0607035459119% dirties
259553536 reads of which  0.0605140166536% dirties
263317878 reads of which  0.0604473540532% dirties
267086493 reads of which  0.0603768907176% dirties
270860769 reads of which  0.0603652941707% dirties
274636388 reads of which  0.0603814888506% dirties
278406361 reads of which  0.0603059209556% dirties
282163245 reads of which  0.0602829117591% dirties
Closing /home/moritz/people/valerie/Oilsands/samples/Sample_09/clean/clean_rev_9_GATCAG_L001_R2_001.fastq
Closing /home/moritz/people/valerie/Oilsands/samples/Sample_09/clean/clean_fwd_9_GATCAG_L001_R1_001.fastq
285914084 reads of which  0.0602565139813% dirties
289664493 reads of which  0.0601780660773% dirties
293414459 reads of which  0.0602189239761% dirties
Closing /home/moritz/people/valerie/Oilsands/samples/Sample_05/clean/clean_fwd_5_ACAGTG_L001_R1_001.fastq
Closing /home/moritz/people/valerie/Oilsands/samples/Sample_05/clean/clean_rev_5_ACAGTG_L001_R2_001.fastq
297169238 reads of which  0.0603021231962% dirties
300907867 reads of which  0.0603385753288% dirties
304665654 reads of which  0.0605108608665% dirties
Closing /home/moritz/people/valerie/Oilsands/samples/Sample_04/clean/clean_fwd_4_TGACCA_L001_R1_001.fastq
Closing /home/moritz/people/valerie/Oilsands/samples/Sample_04/clean/clean_rev_4_TGACCA_L001_R2_001.fastq
308410471 reads of which  0.0605529310968% dirties
Closing /home/moritz/people/valerie/Oilsands/samples/Sample_07/clean/clean_rev_7_CAGATC_L001_R2_001.fastq
Closing /home/moritz/people/valerie/Oilsands/samples/Sample_07/clean/clean_fwd_7_CAGATC_L001_R1_001.fastq
312107176 reads of which  0.060530690906% dirties
Closing /home/moritz/people/valerie/Oilsands/samples/Sample_08/clean/clean_rev_8_ACTTGA_L001_R2_001.fastq
Closing /home/moritz/people/valerie/Oilsands/samples/Sample_08/clean/clean_fwd_8_ACTTGA_L001_R1_001.fastq
Closing /home/moritz/people/valerie/Oilsands/samples/Sample_10/clean/clean_fwd_10_TAGCTT_L001_R1_001.fastq
Closing /home/moritz/people/valerie/Oilsands/samples/Sample_10/clean/clean_rev_10_TAGCTT_L001_R2_001.fastq
315726650 reads of which  0.0606913828782% dirties
319290310 reads of which  0.0610301734494% dirties
Closing /home/moritz/people/valerie/Oilsands/samples/Sample_06/clean/clean_fwd_6_GCCAAT_L001_R1_001.fastq
Closing /home/moritz/people/valerie/Oilsands/samples/Sample_06/clean/clean_rev_6_GCCAAT_L001_R2_001.fastq
322780541 reads of which  0.0615754838827% dirties
Closing /home/moritz/people/valerie/Oilsands/samples/Sample_02/clean/clean_fwd_2_CGATGT_L001_R1_001.fastq
Closing /home/moritz/people/valerie/Oilsands/samples/Sample_02/clean/clean_rev_2_CGATGT_L001_R2_001.fastq
Closing /home/moritz/people/valerie/Oilsands/samples/Sample_03/clean/clean_fwd_3_TTAGGC_L001_R1_001.fastq
Closing /home/moritz/people/valerie/Oilsands/samples/Sample_03/clean/clean_rev_3_TTAGGC_L001_R2_001.fastq
326123202 reads of which  0.0625828241439% dirties
329105982 reads of which  0.0636826163798% dirties
332061508 reads of which  0.0654096077887% dirties
335044920 reads of which  0.0671865193479% dirties
338066767 reads of which  0.0685516450069% dirties
341117903 reads of which  0.070594072572% dirties
344150165 reads of which  0.0718536717831% dirties
347179318 reads of which  0.0738621993606% dirties
350226766 reads of which  0.0750073510943% dirties
353261815 reads of which  0.0776044560604% dirties
356501432 reads of which  0.0797475506354% dirties
359704393 reads of which  0.0812683819516% dirties
362911121 reads of which  0.0830740951584% dirties
366072883 reads of which  0.083946228817% dirties
369196397 reads of which  0.0855225951731% dirties
Closing  /home/moritz/people/valerie/Oilsands/samples/all_shuffled_00001.fastq
Closing /home/moritz/people/valerie/Oilsands/samples/SRR636559/clean/clean_unp_SRR636559_1.fastq
372285339 reads of which  0.0863632585864% dirties
375313924 reads of which  0.0863356511122% dirties
378333082 reads of which  0.0863682679486% dirties
381343086 reads of which  0.086346684151% dirties
384332673 reads of which  0.0864224182158% dirties
387324786 reads of which  0.0864295397816% dirties
390307284 reads of which  0.0864112518074% dirties
393305633 reads of which  0.0864641519131% dirties
396320049 reads of which  0.0864325034437% dirties
399432883 reads of which  0.0866836243925% dirties
402523600 reads of which  0.0868728193825% dirties
405654815 reads of which  0.0871696346067% dirties
408796092 reads of which  0.0882949145218% dirties
411835603 reads of which  0.088635702533% dirties
414805898 reads of which  0.0888053886833% dirties
417771718 reads of which  0.0888212710464% dirties
420691157 reads of which  0.088868915778% dirties
423586846 reads of which  0.0887893459279% dirties
426481974 reads of which  0.0887053130175% dirties
429351255 reads of which  0.0885459738554% dirties
432237219 reads of which  0.0884683024023% dirties
435107302 reads of which  0.0883210941838% dirties
437999387 reads of which  0.0884031693862% dirties
440864824 reads of which  0.0882933767472% dirties
443743599 reads of which  0.0882750378558% dirties
446627694 reads of which  0.0882395886539% dirties
449518057 reads of which  0.0881388508938% dirties
452496943 reads of which  0.088284112452% dirties
455441899 reads of which  0.0883583528181% dirties
458395940 reads of which  0.0883775759445% dirties
461376280 reads of which  0.0888862557043% dirties
464313394 reads of which  0.0890322043994% dirties
467178041 reads of which  0.0892466604611% dirties
470028200 reads of which  0.089158554742% dirties
472869502 reads of which  0.0891091364991% dirties
475676411 reads of which  0.0890006567931% dirties
478472938 reads of which  0.0889655539934% dirties
481288754 reads of which  0.0889265740043% dirties
484089473 reads of which  0.0888767498565% dirties
486909210 reads of which  0.0887856834747% dirties
489708398 reads of which  0.0886792388641% dirties
492525304 reads of which  0.0888072158827% dirties
495327432 reads of which  0.088654181382% dirties
498121205 reads of which  0.0886060652648% dirties
500945264 reads of which  0.0886257225899% dirties
503763812 reads of which  0.0885972909066% dirties
506645113 reads of which  0.0887772226474% dirties
509498270 reads of which  0.0888030964266% dirties
512343187 reads of which  0.0888626552577% dirties
515210172 reads of which  0.0892909059257% dirties
518131205 reads of which  0.089610366162% dirties
521150567 reads of which  0.0899157594124% dirties
524160359 reads of which  0.0899543912286% dirties
527161999 reads of which  0.0899410372712% dirties
530111470 reads of which  0.0898386182815% dirties
533053926 reads of which  0.0898114405783% dirties
535979733 reads of which  0.0897020634174% dirties
538913090 reads of which  0.0897179710369% dirties
541835032 reads of which  0.0895942180424% dirties
544736412 reads of which  0.0894546663791% dirties
547673725 reads of which  0.0895401052881% dirties
550555307 reads of which  0.0894337850784% dirties
553465774 reads of which  0.0894441830472% dirties
556334731 reads of which  0.0893856472175% dirties
559224859 reads of which  0.0893305191928% dirties
562183088 reads of which  0.0894001475192% dirties
565081328 reads of which  0.0893553962909% dirties
568000466 reads of which  0.0893660728088% dirties
570954535 reads of which  0.0899068977533% dirties
573862725 reads of which  0.0899238140968% dirties
576723744 reads of which  0.0900337146514% dirties
579577997 reads of which  0.0899484681438% dirties
582436050 reads of which  0.0899046805224% dirties
585272843 reads of which  0.0898572428723% dirties
588093847 reads of which  0.0897829033059% dirties
590918536 reads of which  0.0896838849543% dirties
593723835 reads of which  0.0895974253754% dirties
596548788 reads of which  0.0894923786183% dirties
599357619 reads of which  0.0893615235748% dirties
602189541 reads of which  0.0894412777588% dirties
605008207 reads of which  0.0893123438241% dirties
607837349 reads of which  0.0892559828534% dirties
610680172 reads of which  0.0892538901689% dirties
613518474 reads of which  0.0892058142001% dirties
616446063 reads of which  0.089307918899% dirties
619334328 reads of which  0.089355592768% dirties
622212533 reads of which  0.0893476988192% dirties
625127671 reads of which  0.0895977055541% dirties
628060392 reads of which  0.0897450734324% dirties
630995913 reads of which  0.0899243272912% dirties
633893032 reads of which  0.0899847878435% dirties
636778705 reads of which  0.089960582146% dirties
639635204 reads of which  0.0899778915233% dirties
642472160 reads of which  0.0899504579311% dirties
645310077 reads of which  0.089878390354% dirties
648139822 reads of which  0.0898332520602% dirties
650976799 reads of which  0.0897651622758% dirties
653811727 reads of which  0.0896921339559% dirties
656659941 reads of which  0.0897657559409% dirties
659473561 reads of which  0.0896900050251% dirties
662304673 reads of which  0.0897010279739% dirties
Closing  /home/moritz/people/valerie/Oilsands/samples/all_shuffled_00002.fastq
665148383 reads of which  0.0897430972181% dirties
668004042 reads of which  0.0897149840899% dirties
670933419 reads of which  0.0898540396003% dirties
673825427 reads of which  0.0899408089567% dirties
676735449 reads of which  0.089983990184% dirties
679708084 reads of which  0.0905577562617% dirties
682779421 reads of which  0.0908644389269% dirties
685840767 reads of which  0.0911190133438% dirties
688865049 reads of which  0.0911613386267% dirties
691827725 reads of which  0.0911960430612% dirties
694778774 reads of which  0.091214317955% dirties
697717834 reads of which  0.0911922268566% dirties
700628169 reads of which  0.0911846366257% dirties
703548719 reads of which  0.0911367774092% dirties
706445854 reads of which  0.0910354511048% dirties
709368741 reads of which  0.0911301277652% dirties
712242697 reads of which  0.0910631941516% dirties
715142156 reads of which  0.0911002902757% dirties
718029718 reads of which  0.0910928800861% dirties
720935995 reads of which  0.0910676127359% dirties
723916615 reads of which  0.0911718582395% dirties
726851054 reads of which  0.0911668981359% dirties
729823576 reads of which  0.091255403621% dirties
732815978 reads of which  0.0916444810378% dirties
735796414 reads of which  0.0918049907756% dirties
738729336 reads of which  0.0919130724761% dirties
741664602 reads of which  0.0918954293035% dirties
744558044 reads of which  0.0918892375837% dirties
747425085 reads of which  0.0918014465624% dirties
750293629 reads of which  0.0917530501915% dirties
753142115 reads of which  0.091650612315% dirties
755992187 reads of which  0.0916295792353% dirties
758839552 reads of which  0.0915611064511% dirties
761692123 reads of which  0.0915399042403% dirties
764553012 reads of which  0.0914644228751% dirties
767388673 reads of which  0.0914208490018% dirties
770265006 reads of which  0.091436234869% dirties
773138257 reads of which  0.0914095847155% dirties
776069926 reads of which  0.0914749452616% dirties
779010667 reads of which  0.091492225998% dirties
781936959 reads of which  0.0915240303918% dirties
784909799 reads of which  0.0917696365771% dirties
787883592 reads of which  0.0919282159642% dirties
790708851 reads of which  0.091960468013% dirties
793519057 reads of which  0.0919891807967% dirties
796335531 reads of which  0.0919319208425% dirties
799128840 reads of which  0.0918888561199% dirties
801910983 reads of which  0.0917673414631% dirties
804701971 reads of which  0.0916798152095% dirties
807489277 reads of which  0.0915773139115% dirties
810280634 reads of which  0.0915488090019% dirties
813069761 reads of which  0.0914592149% dirties
815863129 reads of which  0.0913376133217% dirties
818702563 reads of which  0.0914088661525% dirties
821485017 reads of which  0.0913246808493% dirties
824319191 reads of which  0.0913283723368% dirties
827142201 reads of which  0.0913397646845% dirties
829979217 reads of which  0.0912962932661% dirties
832857406 reads of which  0.0913785906828% dirties
835682949 reads of which  0.0913953624295% dirties
838517300 reads of which  0.0914034570306% dirties
841374859 reads of which  0.0917585475418% dirties
844272449 reads of which  0.0917768039118% dirties
847224550 reads of which  0.0919657321073% dirties
850146100 reads of which  0.0919648375732% dirties
853027171 reads of which  0.0919121801338% dirties
855895158 reads of which  0.0918668568984% dirties
858759156 reads of which  0.0918128155597% dirties
861617943 reads of which  0.0917294836326% dirties
864465589 reads of which  0.0916964446112% dirties
867318090 reads of which  0.0915979095974% dirties
870161383 reads of which  0.0914879223042% dirties
873019053 reads of which  0.0915121631372% dirties
875836655 reads of which  0.0914012876065% dirties
878677885 reads of which  0.0913666468344% dirties
881511465 reads of which  0.0913281371786% dirties
884336205 reads of which  0.0912299853199% dirties
887225569 reads of which  0.0912745009043% dirties
890093350 reads of which  0.0912379898131% dirties
892942835 reads of which  0.091200862819% dirties
895816314 reads of which  0.0912681413837% dirties
898684827 reads of which  0.0913750121654% dirties
901551365 reads of which  0.0914381988651% dirties
904388486 reads of which  0.0914841755294% dirties
907223268 reads of which  0.0914283979762% dirties
910042599 reads of which  0.0914013542788% dirties
912854663 reads of which  0.0913055400584% dirties
915663947 reads of which  0.091251609582% dirties
918467836 reads of which  0.0911758024807% dirties
921266990 reads of which  0.0911225724043% dirties
924077085 reads of which  0.0910277598757% dirties
926878544 reads of which  0.0909242797188% dirties
929713419 reads of which  0.0909727204873% dirties
932516484 reads of which  0.0908943406946% dirties
935346456 reads of which  0.0908872433895% dirties
938199960 reads of which  0.0908885009972% dirties
941050359 reads of which  0.09085654788% dirties
943956235 reads of which  0.0909615264102% dirties
946865948 reads of which  0.0910233641647% dirties
949754805 reads of which  0.0910527186014% dirties
952663029 reads of which  0.0913397364558% dirties
Closing  /home/moritz/people/valerie/Oilsands/samples/all_shuffled_00003.fastq
Closing /home/moritz/people/valerie/Oilsands/samples/SRR636559/clean/clean_rev_SRR636559_2.fastq
Closing /home/moritz/people/valerie/Oilsands/samples/SRR636559/clean/clean_fwd_SRR636559_1.fastq
